SF:lib/calculator/calculator_bloc.dart
DA:12,1
DA:13,1
DA:14,1
DA:15,1
DA:16,1
DA:19,1
DA:23,1
DA:25,1
DA:26,3
DA:27,1
DA:31,1
DA:32,1
DA:33,1
DA:34,2
DA:36,2
DA:38,3
DA:39,4
DA:40,2
DA:43,1
DA:44,1
DA:45,0
DA:46,0
DA:47,0
DA:49,0
DA:50,0
DA:51,1
DA:52,0
DA:53,0
DA:54,0
DA:55,1
DA:56,0
DA:57,0
DA:58,0
DA:60,1
DA:61,2
DA:62,1
DA:63,1
DA:64,1
DA:65,2
DA:66,1
DA:71,1
DA:73,3
DA:75,0
DA:80,1
DA:81,1
DA:82,1
DA:84,3
DA:85,1
DA:88,1
DA:90,3
DA:91,1
DA:94,1
DA:96,3
DA:97,1
DA:100,0
DA:103,0
DA:104,0
DA:105,0
DA:107,0
DA:111,1
DA:112,1
DA:115,1
DA:116,3
DA:117,4
DA:118,4
DA:121,1
DA:122,2
DA:123,2
DA:128,2
DA:130,0
DA:131,0
DA:132,0
DA:133,0
DA:134,0
DA:135,0
DA:136,0
DA:137,0
DA:143,1
DA:145,0
LF:79
LH:53
end_of_record
SF:lib/calculator/calculator_page.dart
DA:7,1
DA:9,1
DA:10,1
DA:14,1
DA:15,3
DA:18,1
DA:20,3
DA:21,1
DA:24,1
DA:26,1
DA:27,1
DA:28,1
DA:29,1
DA:30,1
DA:31,3
DA:32,1
DA:33,1
DA:34,1
DA:35,3
DA:36,4
DA:37,1
DA:38,1
DA:39,1
DA:40,1
DA:41,1
DA:43,1
DA:51,1
DA:52,1
DA:53,1
DA:54,1
DA:56,1
DA:57,0
DA:59,1
DA:60,1
DA:61,1
DA:63,1
DA:64,0
DA:66,1
DA:67,1
DA:68,1
DA:70,1
DA:71,0
DA:73,1
DA:74,1
DA:77,1
DA:78,0
DA:82,1
DA:83,1
DA:84,1
DA:85,1
DA:87,1
DA:88,1
DA:89,4
DA:92,1
DA:93,1
DA:95,1
DA:96,1
DA:97,4
DA:100,1
DA:101,1
DA:103,1
DA:104,1
DA:105,4
DA:108,1
DA:109,1
DA:112,1
DA:113,2
DA:117,1
DA:118,1
DA:119,1
DA:120,1
DA:122,1
DA:123,0
DA:124,0
DA:127,1
DA:128,1
DA:130,1
DA:131,1
DA:132,4
DA:135,1
DA:136,1
DA:138,1
DA:139,1
DA:140,4
DA:143,1
DA:144,1
DA:147,1
DA:148,2
DA:152,1
DA:153,1
DA:154,1
DA:155,1
DA:157,1
DA:158,1
DA:159,4
DA:162,1
DA:163,1
DA:165,1
DA:166,1
DA:167,4
DA:170,1
DA:171,1
DA:173,1
DA:174,0
DA:175,0
DA:178,1
DA:179,1
DA:182,1
DA:183,2
DA:187,1
DA:188,1
DA:190,1
DA:191,1
DA:193,1
DA:194,0
DA:195,0
DA:198,1
DA:199,1
DA:200,1
DA:201,1
DA:202,1
DA:204,1
DA:205,1
DA:206,4
DA:209,1
DA:210,1
DA:212,1
DA:214,2
DA:227,1
DA:229,1
DA:232,1
DA:238,1
DA:240,1
DA:242,3
DA:243,1
DA:254,1
DA:255,1
DA:257,1
DA:258,1
DA:262,1
DA:264,1
DA:265,1
DA:266,2
DA:267,2
DA:268,1
DA:271,1
DA:272,1
DA:273,2
DA:274,1
LF:149
LH:139
end_of_record
